<<<<<<< HEAD
[ 2013-08-27T10:08:54+08:00 ] 192.168.1.27 /lehuo/index.php?s=/ApiDiscount/discount_list/
INFO: [ route_check ] --START--
INFO: Run CheckRoute Behavior [ RunTime:0.001384s ]
INFO: [ route_check ] --END-- [ RunTime:0.001509s ]
INFO: [ app_begin ] --START--
INFO: Run ReadHtmlCache Behavior [ RunTime:0.001207s ]
INFO: [ app_begin ] --END-- [ RunTime:0.001298s ]

[ 2013-08-27T10:09:14+08:00 ] 192.168.1.27 /lehuo/index.php?s=/ApiDiscount/discount_list/
INFO: [ route_check ] --START--
INFO: Run CheckRoute Behavior [ RunTime:0.001215s ]
INFO: [ route_check ] --END-- [ RunTime:0.001326s ]
INFO: [ app_begin ] --START--
INFO: Run ReadHtmlCache Behavior [ RunTime:0.002798s ]
INFO: [ app_begin ] --END-- [ RunTime:0.002952s ]

[ 2013-08-27T10:09:14+08:00 ] 192.168.1.27 /lehuo/index.php?s=/ApiDiscount/discount_list/
INFO: [ route_check ] --START--
INFO: Run CheckRoute Behavior [ RunTime:0.001293s ]
INFO: [ route_check ] --END-- [ RunTime:0.001534s ]
INFO: [ app_begin ] --START--
INFO: Run ReadHtmlCache Behavior [ RunTime:0.001209s ]
INFO: [ app_begin ] --END-- [ RunTime:0.001330s ]

[ 2013-08-27T10:31:35+08:00 ] 192.168.1.27 /lehuo/index.php?s=/ApiDiscount/discount_list/
INFO: [ route_check ] --START--
INFO: Run CheckRoute Behavior [ RunTime:0.001716s ]
INFO: [ route_check ] --END-- [ RunTime:0.001854s ]
INFO: [ app_begin ] --START--
INFO: Run ReadHtmlCache Behavior [ RunTime:0.006340s ]
INFO: [ app_begin ] --END-- [ RunTime:0.006531s ]

[ 2013-08-27T10:33:13+08:00 ] 192.168.1.27 /lehuo/index.php?s=/ApiDiscount/discount_list/
INFO: [ route_check ] --START--
INFO: Run CheckRoute Behavior [ RunTime:0.002108s ]
INFO: [ route_check ] --END-- [ RunTime:0.002325s ]
INFO: [ app_begin ] --START--
INFO: Run ReadHtmlCache Behavior [ RunTime:0.001033s ]
INFO: [ app_begin ] --END-- [ RunTime:0.001153s ]

[ 2013-08-27T10:33:13+08:00 ] 192.168.1.27 /lehuo/index.php?s=/ApiDiscount/discount_list/
INFO: [ route_check ] --START--
INFO: Run CheckRoute Behavior [ RunTime:0.001219s ]
INFO: [ route_check ] --END-- [ RunTime:0.001342s ]
INFO: [ app_begin ] --START--
INFO: Run ReadHtmlCache Behavior [ RunTime:0.000984s ]
INFO: [ app_begin ] --END-- [ RunTime:0.001076s ]

[ 2013-08-27T10:33:13+08:00 ] 192.168.1.27 /lehuo/index.php?s=/ApiDiscount/discount_list/
INFO: [ route_check ] --START--
INFO: Run CheckRoute Behavior [ RunTime:0.001904s ]
INFO: [ route_check ] --END-- [ RunTime:0.002069s ]
INFO: [ app_begin ] --START--
INFO: Run ReadHtmlCache Behavior [ RunTime:0.001741s ]
INFO: [ app_begin ] --END-- [ RunTime:0.001887s ]

[ 2013-08-27T10:33:14+08:00 ] 192.168.1.27 /lehuo/index.php?s=/ApiDiscount/discount_list/
INFO: [ route_check ] --START--
INFO: Run CheckRoute Behavior [ RunTime:0.002089s ]
INFO: [ route_check ] --END-- [ RunTime:0.002279s ]
INFO: [ app_begin ] --START--
INFO: Run ReadHtmlCache Behavior [ RunTime:0.001894s ]
INFO: [ app_begin ] --END-- [ RunTime:0.002075s ]

[ 2013-08-27T10:33:14+08:00 ] 192.168.1.27 /lehuo/index.php?s=/ApiDiscount/discount_list/
INFO: [ route_check ] --START--
INFO: Run CheckRoute Behavior [ RunTime:0.001226s ]
INFO: [ route_check ] --END-- [ RunTime:0.001371s ]
INFO: [ app_begin ] --START--
INFO: Run ReadHtmlCache Behavior [ RunTime:0.001479s ]
INFO: [ app_begin ] --END-- [ RunTime:0.001656s ]

[ 2013-08-27T10:33:14+08:00 ] 192.168.1.27 /lehuo/index.php?s=/ApiDiscount/discount_list/
INFO: [ route_check ] --START--
INFO: Run CheckRoute Behavior [ RunTime:0.001390s ]
INFO: [ route_check ] --END-- [ RunTime:0.001530s ]
INFO: [ app_begin ] --START--
INFO: Run ReadHtmlCache Behavior [ RunTime:0.001245s ]
INFO: [ app_begin ] --END-- [ RunTime:0.001346s ]

[ 2013-08-27T10:45:24+08:00 ] 192.168.1.27 /lehuo/index.php?s=/ApiDiscount/discount_list/
INFO: [ route_check ] --START--
INFO: Run CheckRoute Behavior [ RunTime:0.001320s ]
INFO: [ route_check ] --END-- [ RunTime:0.001444s ]
INFO: [ app_begin ] --START--
INFO: Run ReadHtmlCache Behavior [ RunTime:0.000961s ]
INFO: [ app_begin ] --END-- [ RunTime:0.001057s ]

[ 2013-08-27T10:45:25+08:00 ] 192.168.1.27 /lehuo/index.php?s=/ApiDiscount/discount_list/
INFO: [ route_check ] --START--
INFO: Run CheckRoute Behavior [ RunTime:0.001103s ]
INFO: [ route_check ] --END-- [ RunTime:0.001220s ]
INFO: [ app_begin ] --START--
INFO: Run ReadHtmlCache Behavior [ RunTime:0.001195s ]
INFO: [ app_begin ] --END-- [ RunTime:0.001311s ]

[ 2013-08-27T10:45:25+08:00 ] 192.168.1.27 /lehuo/index.php?s=/ApiDiscount/discount_list/
INFO: [ route_check ] --START--
INFO: Run CheckRoute Behavior [ RunTime:0.001122s ]
INFO: [ route_check ] --END-- [ RunTime:0.001284s ]
INFO: [ app_begin ] --START--
INFO: Run ReadHtmlCache Behavior [ RunTime:0.000921s ]
INFO: [ app_begin ] --END-- [ RunTime:0.001002s ]

[ 2013-08-27T10:45:25+08:00 ] 192.168.1.27 /lehuo/index.php?s=/ApiDiscount/discount_list/
INFO: [ route_check ] --START--
INFO: Run CheckRoute Behavior [ RunTime:0.001169s ]
INFO: [ route_check ] --END-- [ RunTime:0.001313s ]
INFO: [ app_begin ] --START--
INFO: Run ReadHtmlCache Behavior [ RunTime:0.000840s ]
INFO: [ app_begin ] --END-- [ RunTime:0.000943s ]

[ 2013-08-27T10:45:25+08:00 ] 192.168.1.27 /lehuo/index.php?s=/ApiDiscount/discount_list/
INFO: [ route_check ] --START--
INFO: Run CheckRoute Behavior [ RunTime:0.001171s ]
INFO: [ route_check ] --END-- [ RunTime:0.001312s ]
INFO: [ app_begin ] --START--
INFO: Run ReadHtmlCache Behavior [ RunTime:0.000819s ]
INFO: [ app_begin ] --END-- [ RunTime:0.000918s ]

[ 2013-08-27T10:45:25+08:00 ] 192.168.1.27 /lehuo/index.php?s=/ApiDiscount/discount_list/
INFO: [ route_check ] --START--
INFO: Run CheckRoute Behavior [ RunTime:0.001065s ]
INFO: [ route_check ] --END-- [ RunTime:0.001170s ]
INFO: [ app_begin ] --START--
INFO: Run ReadHtmlCache Behavior [ RunTime:0.000786s ]
INFO: [ app_begin ] --END-- [ RunTime:0.000867s ]

[ 2013-08-27T10:46:01+08:00 ] 192.168.1.27 /lehuo/index.php?s=/ApiDiscount/discount_list/
INFO: [ route_check ] --START--
INFO: Run CheckRoute Behavior [ RunTime:0.001194s ]
INFO: [ route_check ] --END-- [ RunTime:0.001316s ]
INFO: [ app_begin ] --START--
INFO: Run ReadHtmlCache Behavior [ RunTime:0.001132s ]
INFO: [ app_begin ] --END-- [ RunTime:0.001222s ]

[ 2013-08-27T10:46:01+08:00 ] 192.168.1.27 /lehuo/index.php?s=/ApiDiscount/discount_list/
INFO: [ route_check ] --START--
INFO: Run CheckRoute Behavior [ RunTime:0.001503s ]
INFO: [ route_check ] --END-- [ RunTime:0.001683s ]
INFO: [ app_begin ] --START--
INFO: Run ReadHtmlCache Behavior [ RunTime:0.001378s ]
INFO: [ app_begin ] --END-- [ RunTime:0.001531s ]

[ 2013-08-27T10:46:01+08:00 ] 192.168.1.27 /lehuo/index.php?s=/ApiDiscount/discount_list/
INFO: [ route_check ] --START--
INFO: Run CheckRoute Behavior [ RunTime:0.001384s ]
INFO: [ route_check ] --END-- [ RunTime:0.001532s ]
INFO: [ app_begin ] --START--
INFO: Run ReadHtmlCache Behavior [ RunTime:0.001291s ]
INFO: [ app_begin ] --END-- [ RunTime:0.001420s ]

[ 2013-08-27T10:46:01+08:00 ] 192.168.1.27 /lehuo/index.php?s=/ApiDiscount/discount_list/
INFO: [ route_check ] --START--
INFO: Run CheckRoute Behavior [ RunTime:0.001724s ]
INFO: [ route_check ] --END-- [ RunTime:0.001898s ]
INFO: [ app_begin ] --START--
INFO: Run ReadHtmlCache Behavior [ RunTime:0.001424s ]
INFO: [ app_begin ] --END-- [ RunTime:0.001573s ]

[ 2013-08-27T10:46:08+08:00 ] ERR: (ThinkException) 无法加载模块:ApiIndex
[ 2013-08-27T10:46:13+08:00 ] ERR: (ThinkException) 无法加载模块:ApiIndex
=======
[ 2013-08-27T10:08:54+08:00 ] 192.168.1.27 /lehuo/index.php?s=/ApiDiscount/discount_list/
INFO: [ route_check ] --START--
INFO: Run CheckRoute Behavior [ RunTime:0.001384s ]
INFO: [ route_check ] --END-- [ RunTime:0.001509s ]
INFO: [ app_begin ] --START--
INFO: Run ReadHtmlCache Behavior [ RunTime:0.001207s ]
INFO: [ app_begin ] --END-- [ RunTime:0.001298s ]

[ 2013-08-27T10:09:14+08:00 ] 192.168.1.27 /lehuo/index.php?s=/ApiDiscount/discount_list/
INFO: [ route_check ] --START--
INFO: Run CheckRoute Behavior [ RunTime:0.001215s ]
INFO: [ route_check ] --END-- [ RunTime:0.001326s ]
INFO: [ app_begin ] --START--
INFO: Run ReadHtmlCache Behavior [ RunTime:0.002798s ]
INFO: [ app_begin ] --END-- [ RunTime:0.002952s ]

[ 2013-08-27T10:09:14+08:00 ] 192.168.1.27 /lehuo/index.php?s=/ApiDiscount/discount_list/
INFO: [ route_check ] --START--
INFO: Run CheckRoute Behavior [ RunTime:0.001293s ]
INFO: [ route_check ] --END-- [ RunTime:0.001534s ]
INFO: [ app_begin ] --START--
INFO: Run ReadHtmlCache Behavior [ RunTime:0.001209s ]
INFO: [ app_begin ] --END-- [ RunTime:0.001330s ]

[ 2013-08-27T10:31:35+08:00 ] 192.168.1.27 /lehuo/index.php?s=/ApiDiscount/discount_list/
INFO: [ route_check ] --START--
INFO: Run CheckRoute Behavior [ RunTime:0.001716s ]
INFO: [ route_check ] --END-- [ RunTime:0.001854s ]
INFO: [ app_begin ] --START--
INFO: Run ReadHtmlCache Behavior [ RunTime:0.006340s ]
INFO: [ app_begin ] --END-- [ RunTime:0.006531s ]

[ 2013-08-27T10:33:13+08:00 ] 192.168.1.27 /lehuo/index.php?s=/ApiDiscount/discount_list/
INFO: [ route_check ] --START--
INFO: Run CheckRoute Behavior [ RunTime:0.002108s ]
INFO: [ route_check ] --END-- [ RunTime:0.002325s ]
INFO: [ app_begin ] --START--
INFO: Run ReadHtmlCache Behavior [ RunTime:0.001033s ]
INFO: [ app_begin ] --END-- [ RunTime:0.001153s ]

[ 2013-08-27T10:33:13+08:00 ] 192.168.1.27 /lehuo/index.php?s=/ApiDiscount/discount_list/
INFO: [ route_check ] --START--
INFO: Run CheckRoute Behavior [ RunTime:0.001219s ]
INFO: [ route_check ] --END-- [ RunTime:0.001342s ]
INFO: [ app_begin ] --START--
INFO: Run ReadHtmlCache Behavior [ RunTime:0.000984s ]
INFO: [ app_begin ] --END-- [ RunTime:0.001076s ]

[ 2013-08-27T10:33:13+08:00 ] 192.168.1.27 /lehuo/index.php?s=/ApiDiscount/discount_list/
INFO: [ route_check ] --START--
INFO: Run CheckRoute Behavior [ RunTime:0.001904s ]
INFO: [ route_check ] --END-- [ RunTime:0.002069s ]
INFO: [ app_begin ] --START--
INFO: Run ReadHtmlCache Behavior [ RunTime:0.001741s ]
INFO: [ app_begin ] --END-- [ RunTime:0.001887s ]

[ 2013-08-27T10:33:14+08:00 ] 192.168.1.27 /lehuo/index.php?s=/ApiDiscount/discount_list/
INFO: [ route_check ] --START--
INFO: Run CheckRoute Behavior [ RunTime:0.002089s ]
INFO: [ route_check ] --END-- [ RunTime:0.002279s ]
INFO: [ app_begin ] --START--
INFO: Run ReadHtmlCache Behavior [ RunTime:0.001894s ]
INFO: [ app_begin ] --END-- [ RunTime:0.002075s ]

[ 2013-08-27T10:33:14+08:00 ] 192.168.1.27 /lehuo/index.php?s=/ApiDiscount/discount_list/
INFO: [ route_check ] --START--
INFO: Run CheckRoute Behavior [ RunTime:0.001226s ]
INFO: [ route_check ] --END-- [ RunTime:0.001371s ]
INFO: [ app_begin ] --START--
INFO: Run ReadHtmlCache Behavior [ RunTime:0.001479s ]
INFO: [ app_begin ] --END-- [ RunTime:0.001656s ]

[ 2013-08-27T10:33:14+08:00 ] 192.168.1.27 /lehuo/index.php?s=/ApiDiscount/discount_list/
INFO: [ route_check ] --START--
INFO: Run CheckRoute Behavior [ RunTime:0.001390s ]
INFO: [ route_check ] --END-- [ RunTime:0.001530s ]
INFO: [ app_begin ] --START--
INFO: Run ReadHtmlCache Behavior [ RunTime:0.001245s ]
INFO: [ app_begin ] --END-- [ RunTime:0.001346s ]

[ 2013-08-27T10:45:24+08:00 ] 192.168.1.27 /lehuo/index.php?s=/ApiDiscount/discount_list/
INFO: [ route_check ] --START--
INFO: Run CheckRoute Behavior [ RunTime:0.001320s ]
INFO: [ route_check ] --END-- [ RunTime:0.001444s ]
INFO: [ app_begin ] --START--
INFO: Run ReadHtmlCache Behavior [ RunTime:0.000961s ]
INFO: [ app_begin ] --END-- [ RunTime:0.001057s ]

[ 2013-08-27T10:45:25+08:00 ] 192.168.1.27 /lehuo/index.php?s=/ApiDiscount/discount_list/
INFO: [ route_check ] --START--
INFO: Run CheckRoute Behavior [ RunTime:0.001103s ]
INFO: [ route_check ] --END-- [ RunTime:0.001220s ]
INFO: [ app_begin ] --START--
INFO: Run ReadHtmlCache Behavior [ RunTime:0.001195s ]
INFO: [ app_begin ] --END-- [ RunTime:0.001311s ]

[ 2013-08-27T10:45:25+08:00 ] 192.168.1.27 /lehuo/index.php?s=/ApiDiscount/discount_list/
INFO: [ route_check ] --START--
INFO: Run CheckRoute Behavior [ RunTime:0.001122s ]
INFO: [ route_check ] --END-- [ RunTime:0.001284s ]
INFO: [ app_begin ] --START--
INFO: Run ReadHtmlCache Behavior [ RunTime:0.000921s ]
INFO: [ app_begin ] --END-- [ RunTime:0.001002s ]

[ 2013-08-27T10:45:25+08:00 ] 192.168.1.27 /lehuo/index.php?s=/ApiDiscount/discount_list/
INFO: [ route_check ] --START--
INFO: Run CheckRoute Behavior [ RunTime:0.001169s ]
INFO: [ route_check ] --END-- [ RunTime:0.001313s ]
INFO: [ app_begin ] --START--
INFO: Run ReadHtmlCache Behavior [ RunTime:0.000840s ]
INFO: [ app_begin ] --END-- [ RunTime:0.000943s ]

[ 2013-08-27T10:45:25+08:00 ] 192.168.1.27 /lehuo/index.php?s=/ApiDiscount/discount_list/
INFO: [ route_check ] --START--
INFO: Run CheckRoute Behavior [ RunTime:0.001171s ]
INFO: [ route_check ] --END-- [ RunTime:0.001312s ]
INFO: [ app_begin ] --START--
INFO: Run ReadHtmlCache Behavior [ RunTime:0.000819s ]
INFO: [ app_begin ] --END-- [ RunTime:0.000918s ]

[ 2013-08-27T10:45:25+08:00 ] 192.168.1.27 /lehuo/index.php?s=/ApiDiscount/discount_list/
INFO: [ route_check ] --START--
INFO: Run CheckRoute Behavior [ RunTime:0.001065s ]
INFO: [ route_check ] --END-- [ RunTime:0.001170s ]
INFO: [ app_begin ] --START--
INFO: Run ReadHtmlCache Behavior [ RunTime:0.000786s ]
INFO: [ app_begin ] --END-- [ RunTime:0.000867s ]

[ 2013-08-27T10:46:01+08:00 ] 192.168.1.27 /lehuo/index.php?s=/ApiDiscount/discount_list/
INFO: [ route_check ] --START--
INFO: Run CheckRoute Behavior [ RunTime:0.001194s ]
INFO: [ route_check ] --END-- [ RunTime:0.001316s ]
INFO: [ app_begin ] --START--
INFO: Run ReadHtmlCache Behavior [ RunTime:0.001132s ]
INFO: [ app_begin ] --END-- [ RunTime:0.001222s ]

[ 2013-08-27T10:46:01+08:00 ] 192.168.1.27 /lehuo/index.php?s=/ApiDiscount/discount_list/
INFO: [ route_check ] --START--
INFO: Run CheckRoute Behavior [ RunTime:0.001503s ]
INFO: [ route_check ] --END-- [ RunTime:0.001683s ]
INFO: [ app_begin ] --START--
INFO: Run ReadHtmlCache Behavior [ RunTime:0.001378s ]
INFO: [ app_begin ] --END-- [ RunTime:0.001531s ]

[ 2013-08-27T10:46:01+08:00 ] 192.168.1.27 /lehuo/index.php?s=/ApiDiscount/discount_list/
INFO: [ route_check ] --START--
INFO: Run CheckRoute Behavior [ RunTime:0.001384s ]
INFO: [ route_check ] --END-- [ RunTime:0.001532s ]
INFO: [ app_begin ] --START--
INFO: Run ReadHtmlCache Behavior [ RunTime:0.001291s ]
INFO: [ app_begin ] --END-- [ RunTime:0.001420s ]

[ 2013-08-27T10:46:01+08:00 ] 192.168.1.27 /lehuo/index.php?s=/ApiDiscount/discount_list/
INFO: [ route_check ] --START--
INFO: Run CheckRoute Behavior [ RunTime:0.001724s ]
INFO: [ route_check ] --END-- [ RunTime:0.001898s ]
INFO: [ app_begin ] --START--
INFO: Run ReadHtmlCache Behavior [ RunTime:0.001424s ]
INFO: [ app_begin ] --END-- [ RunTime:0.001573s ]

[ 2013-08-27T10:46:08+08:00 ] ERR: (ThinkException) 无法加载模块:ApiIndex
[ 2013-08-27T10:46:13+08:00 ] ERR: (ThinkException) 无法加载模块:ApiIndex
>>>>>>> 875753ed9bff50cc845fe9ec340485710b57dc3a
