[ 2013-09-12T11:58:47+08:00 ] 192.168.1.102 /lehuo/index.php?s=/ApiDiscount/discount_list/
INFO: [ route_check ] --START--
INFO: Run CheckRoute Behavior [ RunTime:0.009002s ]
INFO: [ route_check ] --END-- [ RunTime:0.009202s ]
INFO: [ app_begin ] --START--
INFO: Run ReadHtmlCache Behavior [ RunTime:0.005310s ]
INFO: [ app_begin ] --END-- [ RunTime:0.005468s ]

[ 2013-09-12T11:59:17+08:00 ] 192.168.1.102 /lehuo/index.php?s=/ApiLogin/login
INFO: [ route_check ] --START--
INFO: Run CheckRoute Behavior [ RunTime:0.000804s ]
INFO: [ route_check ] --END-- [ RunTime:0.000905s ]
INFO: [ app_begin ] --START--
INFO: Run ReadHtmlCache Behavior [ RunTime:0.000682s ]
INFO: [ app_begin ] --END-- [ RunTime:0.000772s ]
INFO: [ view_template ] --START--
INFO: Run LocationTemplate Behavior [ RunTime:0.032302s ]
INFO: [ view_template ] --END-- [ RunTime:0.032424s ]
INFO: [ view_parse ] --START--
INFO: Run ParseTemplate Behavior [ RunTime:0.064132s ]
INFO: [ view_parse ] --END-- [ RunTime:0.064309s ]
INFO: [ view_filter ] --START--
INFO: Run ContentReplace Behavior [ RunTime:0.002043s ]
INFO: Run TokenBuild Behavior [ RunTime:0.001655s ]
INFO: Run WriteHtmlCache Behavior [ RunTime:0.001851s ]
INFO: Run ShowRuntime Behavior [ RunTime:0.017838s ]
INFO: [ view_filter ] --END-- [ RunTime:0.023811s ]
INFO: [ view_end ] --START--
INFO: Run ShowPageTrace Behavior [ RunTime:0.009845s ]
INFO: [ view_end ] --END-- [ RunTime:0.010118s ]

[ 2013-09-12T11:59:26+08:00 ] 192.168.1.102 /lehuo/index.php?s=/ApiLogin/register
INFO: [ route_check ] --START--
INFO: Run CheckRoute Behavior [ RunTime:0.000990s ]
INFO: [ route_check ] --END-- [ RunTime:0.001149s ]
INFO: [ app_begin ] --START--
INFO: Run ReadHtmlCache Behavior [ RunTime:0.000744s ]
INFO: [ app_begin ] --END-- [ RunTime:0.000857s ]

[ 2013-09-12T11:59:55+08:00 ] 192.168.1.102 /lehuo/index.php?s=/ApiLogin/register
INFO: [ route_check ] --START--
INFO: Run CheckRoute Behavior [ RunTime:0.001608s ]
INFO: [ route_check ] --END-- [ RunTime:0.001812s ]
INFO: [ app_begin ] --START--
INFO: Run ReadHtmlCache Behavior [ RunTime:0.000651s ]
INFO: [ app_begin ] --END-- [ RunTime:0.000724s ]

[ 2013-09-12T12:44:01+08:00 ] 192.168.1.102 /lehuo/index.php?s=/ApiLogin/register
INFO: [ route_check ] --START--
INFO: Run CheckRoute Behavior [ RunTime:0.001073s ]
INFO: [ route_check ] --END-- [ RunTime:0.001199s ]
INFO: [ app_begin ] --START--
INFO: Run ReadHtmlCache Behavior [ RunTime:0.000735s ]
INFO: [ app_begin ] --END-- [ RunTime:0.000821s ]

[ 2013-09-12T12:44:01+08:00 ] 192.168.1.102 /lehuo/index.php?s=/ApiLogin/register
INFO: [ route_check ] --START--
INFO: Run CheckRoute Behavior [ RunTime:0.001749s ]
INFO: [ route_check ] --END-- [ RunTime:0.001989s ]
INFO: [ app_begin ] --START--
INFO: Run ReadHtmlCache Behavior [ RunTime:0.001384s ]
INFO: [ app_begin ] --END-- [ RunTime:0.001545s ]

[ 2013-09-12T12:44:02+08:00 ] 192.168.1.102 /lehuo/index.php?s=/ApiLogin/register
INFO: [ route_check ] --START--
INFO: Run CheckRoute Behavior [ RunTime:0.000744s ]
INFO: [ route_check ] --END-- [ RunTime:0.000837s ]
INFO: [ app_begin ] --START--
INFO: Run ReadHtmlCache Behavior [ RunTime:0.000580s ]
INFO: [ app_begin ] --END-- [ RunTime:0.000652s ]

[ 2013-09-12T12:45:02+08:00 ] 192.168.1.102 /lehuo/index.php?s=/ApiLogin/register
INFO: [ route_check ] --START--
INFO: Run CheckRoute Behavior [ RunTime:0.000778s ]
INFO: [ route_check ] --END-- [ RunTime:0.000891s ]
INFO: [ app_begin ] --START--
INFO: Run ReadHtmlCache Behavior [ RunTime:0.000549s ]
INFO: [ app_begin ] --END-- [ RunTime:0.000622s ]

[ 2013-09-12T12:45:02+08:00 ] 192.168.1.102 /lehuo/index.php?s=/ApiLogin/register
INFO: [ route_check ] --START--
INFO: Run CheckRoute Behavior [ RunTime:0.000816s ]
INFO: [ route_check ] --END-- [ RunTime:0.000929s ]
INFO: [ app_begin ] --START--
INFO: Run ReadHtmlCache Behavior [ RunTime:0.000500s ]
INFO: [ app_begin ] --END-- [ RunTime:0.000595s ]

[ 2013-09-12T12:45:15+08:00 ] 192.168.1.102 /lehuo/index.php?s=/ApiLogin/register
INFO: [ route_check ] --START--
INFO: Run CheckRoute Behavior [ RunTime:0.001244s ]
INFO: [ route_check ] --END-- [ RunTime:0.001399s ]
INFO: [ app_begin ] --START--
INFO: Run ReadHtmlCache Behavior [ RunTime:0.000710s ]
INFO: [ app_begin ] --END-- [ RunTime:0.000787s ]

[ 2013-09-12T12:45:15+08:00 ] 192.168.1.102 /lehuo/index.php?s=/ApiLogin/register
INFO: [ route_check ] --START--
INFO: Run CheckRoute Behavior [ RunTime:0.001059s ]
INFO: [ route_check ] --END-- [ RunTime:0.001182s ]
INFO: [ app_begin ] --START--
INFO: Run ReadHtmlCache Behavior [ RunTime:0.000789s ]
INFO: [ app_begin ] --END-- [ RunTime:0.000888s ]

[ 2013-09-12T12:45:47+08:00 ] 192.168.1.102 /lehuo/index.php?s=/ApiLogin/login
INFO: [ route_check ] --START--
INFO: Run CheckRoute Behavior [ RunTime:0.000797s ]
INFO: [ route_check ] --END-- [ RunTime:0.000899s ]
INFO: [ app_begin ] --START--
INFO: Run ReadHtmlCache Behavior [ RunTime:0.000655s ]
INFO: [ app_begin ] --END-- [ RunTime:0.000735s ]

[ 2013-09-12T12:46:01+08:00 ] 192.168.1.102 /lehuo/index.php?s=/ApiLogin/login
INFO: [ route_check ] --START--
INFO: Run CheckRoute Behavior [ RunTime:0.000838s ]
INFO: [ route_check ] --END-- [ RunTime:0.000957s ]
INFO: [ app_begin ] --START--
INFO: Run ReadHtmlCache Behavior [ RunTime:0.000525s ]
INFO: [ app_begin ] --END-- [ RunTime:0.000596s ]
INFO: [ view_template ] --START--
INFO: Run LocationTemplate Behavior [ RunTime:0.000996s ]
INFO: [ view_template ] --END-- [ RunTime:0.001084s ]
INFO: [ view_parse ] --START--
INFO: Run ParseTemplate Behavior [ RunTime:0.007549s ]
INFO: [ view_parse ] --END-- [ RunTime:0.007659s ]
INFO: [ view_filter ] --START--
INFO: Run ContentReplace Behavior [ RunTime:0.000688s ]
INFO: Run TokenBuild Behavior [ RunTime:0.000637s ]
INFO: Run WriteHtmlCache Behavior [ RunTime:0.000508s ]
INFO: Run ShowRuntime Behavior [ RunTime:0.000688s ]
INFO: [ view_filter ] --END-- [ RunTime:0.002711s ]
INFO: [ view_end ] --START--
INFO: Run ShowPageTrace Behavior [ RunTime:0.000958s ]
INFO: [ view_end ] --END-- [ RunTime:0.001028s ]

[ 2013-09-12T12:53:19+08:00 ] 192.168.1.102 /lehuo/index.php?s=/ApiSend/register_send
INFO: [ route_check ] --START--
INFO: Run CheckRoute Behavior [ RunTime:0.000995s ]
INFO: [ route_check ] --END-- [ RunTime:0.001099s ]
INFO: [ app_begin ] --START--
INFO: Run ReadHtmlCache Behavior [ RunTime:0.000786s ]
INFO: [ app_begin ] --END-- [ RunTime:0.000871s ]

[ 2013-09-12T12:56:37+08:00 ] 192.168.1.102 /lehuo/index.php?s=/ApiSend/register_send
INFO: [ route_check ] --START--
INFO: Run CheckRoute Behavior [ RunTime:0.001192s ]
INFO: [ route_check ] --END-- [ RunTime:0.001335s ]
INFO: [ app_begin ] --START--
INFO: Run ReadHtmlCache Behavior [ RunTime:0.000656s ]
INFO: [ app_begin ] --END-- [ RunTime:0.000730s ]

[ 2013-09-12T12:56:37+08:00 ] 192.168.1.102 /lehuo/index.php?s=/ApiSend/register_send
INFO: [ route_check ] --START--
INFO: Run CheckRoute Behavior [ RunTime:0.001568s ]
INFO: [ route_check ] --END-- [ RunTime:0.001711s ]
INFO: [ app_begin ] --START--
INFO: Run ReadHtmlCache Behavior [ RunTime:0.000664s ]
INFO: [ app_begin ] --END-- [ RunTime:0.000748s ]

[ 2013-09-12T12:56:38+08:00 ] 192.168.1.102 /lehuo/index.php?s=/ApiSend/register_send
INFO: [ route_check ] --START--
INFO: Run CheckRoute Behavior [ RunTime:0.003591s ]
INFO: [ route_check ] --END-- [ RunTime:0.003798s ]
INFO: [ app_begin ] --START--
INFO: Run ReadHtmlCache Behavior [ RunTime:0.001274s ]
INFO: [ app_begin ] --END-- [ RunTime:0.001435s ]

[ 2013-09-12T12:56:38+08:00 ] 192.168.1.102 /lehuo/index.php?s=/ApiSend/register_send
INFO: [ route_check ] --START--
INFO: Run CheckRoute Behavior [ RunTime:0.001444s ]
INFO: [ route_check ] --END-- [ RunTime:0.001622s ]
INFO: [ app_begin ] --START--
INFO: Run ReadHtmlCache Behavior [ RunTime:0.000608s ]
INFO: [ app_begin ] --END-- [ RunTime:0.000703s ]

[ 2013-09-12T12:58:41+08:00 ] 192.168.1.102 /lehuo/index.php?s=/ApiDiscount/discount_list/
INFO: [ route_check ] --START--
INFO: Run CheckRoute Behavior [ RunTime:0.000979s ]
INFO: [ route_check ] --END-- [ RunTime:0.001081s ]
INFO: [ app_begin ] --START--
INFO: Run ReadHtmlCache Behavior [ RunTime:0.000613s ]
INFO: [ app_begin ] --END-- [ RunTime:0.000716s ]

[ 2013-09-12T12:59:23+08:00 ] 192.168.1.102 /lehuo/index.php?s=/ApiDiscount/discount_list/
INFO: [ route_check ] --START--
INFO: Run CheckRoute Behavior [ RunTime:0.000992s ]
INFO: [ route_check ] --END-- [ RunTime:0.001092s ]
INFO: [ app_begin ] --START--
INFO: Run ReadHtmlCache Behavior [ RunTime:0.000682s ]
INFO: [ app_begin ] --END-- [ RunTime:0.000778s ]
INFO: [ view_template ] --START--
INFO: Run LocationTemplate Behavior [ RunTime:0.015470s ]
INFO: [ view_template ] --END-- [ RunTime:0.015594s ]
INFO: [ view_parse ] --START--
INFO: Run ParseTemplate Behavior [ RunTime:0.024172s ]
INFO: [ view_parse ] --END-- [ RunTime:0.024263s ]
INFO: [ view_filter ] --START--
INFO: Run ContentReplace Behavior [ RunTime:0.000631s ]
INFO: Run TokenBuild Behavior [ RunTime:0.000639s ]
INFO: Run WriteHtmlCache Behavior [ RunTime:0.000546s ]
INFO: Run ShowRuntime Behavior [ RunTime:0.000678s ]
INFO: [ view_filter ] --END-- [ RunTime:0.002672s ]
INFO: [ view_end ] --START--
INFO: Run ShowPageTrace Behavior [ RunTime:0.000788s ]
INFO: [ view_end ] --END-- [ RunTime:0.000850s ]

[ 2013-09-12T13:03:19+08:00 ] 192.168.1.102 /lehuo/index.php?s=/ApiDiscount/discount_list/
INFO: [ route_check ] --START--
INFO: Run CheckRoute Behavior [ RunTime:0.001059s ]
INFO: [ route_check ] --END-- [ RunTime:0.001176s ]
INFO: [ app_begin ] --START--
INFO: Run ReadHtmlCache Behavior [ RunTime:0.000718s ]
INFO: [ app_begin ] --END-- [ RunTime:0.000808s ]
INFO: [ view_template ] --START--
INFO: Run LocationTemplate Behavior [ RunTime:0.001152s ]
INFO: [ view_template ] --END-- [ RunTime:0.001308s ]
INFO: [ view_parse ] --START--
INFO: Run ParseTemplate Behavior [ RunTime:0.007859s ]
INFO: [ view_parse ] --END-- [ RunTime:0.008005s ]
INFO: [ view_filter ] --START--
INFO: Run ContentReplace Behavior [ RunTime:0.000510s ]
INFO: Run TokenBuild Behavior [ RunTime:0.000489s ]
INFO: Run WriteHtmlCache Behavior [ RunTime:0.000469s ]
INFO: Run ShowRuntime Behavior [ RunTime:0.000547s ]
INFO: [ view_filter ] --END-- [ RunTime:0.002198s ]
INFO: [ view_end ] --START--
INFO: Run ShowPageTrace Behavior [ RunTime:0.000609s ]
INFO: [ view_end ] --END-- [ RunTime:0.000670s ]

[ 2013-09-12T13:03:23+08:00 ] 192.168.1.102 /lehuo/index.php?s=/ApiDiscount/discount_list/
INFO: [ route_check ] --START--
INFO: Run CheckRoute Behavior [ RunTime:0.001587s ]
INFO: [ route_check ] --END-- [ RunTime:0.001789s ]
INFO: [ app_begin ] --START--
INFO: Run ReadHtmlCache Behavior [ RunTime:0.001215s ]
INFO: [ app_begin ] --END-- [ RunTime:0.001377s ]

[ 2013-09-12T13:25:41+08:00 ] 192.168.1.102 /lehuo/index.php?s=/ApiJoin/join
INFO: [ route_check ] --START--
INFO: Run CheckRoute Behavior [ RunTime:0.000973s ]
INFO: [ route_check ] --END-- [ RunTime:0.001164s ]
INFO: [ app_begin ] --START--
INFO: Run ReadHtmlCache Behavior [ RunTime:0.000771s ]
INFO: [ app_begin ] --END-- [ RunTime:0.000883s ]
INFO: [ view_template ] --START--
INFO: Run LocationTemplate Behavior [ RunTime:0.029423s ]
INFO: [ view_template ] --END-- [ RunTime:0.029533s ]
INFO: [ view_parse ] --START--
INFO: Run ParseTemplate Behavior [ RunTime:0.034345s ]
INFO: [ view_parse ] --END-- [ RunTime:0.034442s ]
INFO: [ view_filter ] --START--
INFO: Run ContentReplace Behavior [ RunTime:0.000765s ]
INFO: Run TokenBuild Behavior [ RunTime:0.000628s ]
INFO: Run WriteHtmlCache Behavior [ RunTime:0.000548s ]
INFO: Run ShowRuntime Behavior [ RunTime:0.000842s ]
INFO: [ view_filter ] --END-- [ RunTime:0.003014s ]
INFO: [ view_end ] --START--
INFO: Run ShowPageTrace Behavior [ RunTime:0.001122s ]
INFO: [ view_end ] --END-- [ RunTime:0.001201s ]

[ 2013-09-12T14:20:29+08:00 ] 192.168.1.102 /lehuo/index.php?s=/ApiJoin/join
INFO: [ route_check ] --START--
INFO: Run CheckRoute Behavior [ RunTime:0.000948s ]
INFO: [ route_check ] --END-- [ RunTime:0.001041s ]
INFO: [ app_begin ] --START--
INFO: Run ReadHtmlCache Behavior [ RunTime:0.000762s ]
INFO: [ app_begin ] --END-- [ RunTime:0.000865s ]
INFO: [ view_template ] --START--
INFO: Run LocationTemplate Behavior [ RunTime:0.000979s ]
INFO: [ view_template ] --END-- [ RunTime:0.001071s ]
INFO: [ view_parse ] --START--
INFO: Run ParseTemplate Behavior [ RunTime:0.007781s ]
INFO: [ view_parse ] --END-- [ RunTime:0.007871s ]
INFO: [ view_filter ] --START--
INFO: Run ContentReplace Behavior [ RunTime:0.000794s ]
INFO: Run TokenBuild Behavior [ RunTime:0.000717s ]
INFO: Run WriteHtmlCache Behavior [ RunTime:0.000563s ]
INFO: Run ShowRuntime Behavior [ RunTime:0.000723s ]
INFO: [ view_filter ] --END-- [ RunTime:0.003006s ]
INFO: [ view_end ] --START--
INFO: Run ShowPageTrace Behavior [ RunTime:0.000926s ]
INFO: [ view_end ] --END-- [ RunTime:0.000998s ]

[ 2013-09-12T14:20:35+08:00 ] 192.168.1.102 /lehuo/index.php?s=/ApiJoin/join
INFO: [ route_check ] --START--
INFO: Run CheckRoute Behavior [ RunTime:0.001251s ]
INFO: [ route_check ] --END-- [ RunTime:0.001387s ]
INFO: [ app_begin ] --START--
INFO: Run ReadHtmlCache Behavior [ RunTime:0.001429s ]
INFO: [ app_begin ] --END-- [ RunTime:0.001546s ]

[ 2013-09-12T14:26:49+08:00 ] ERR: (ThinkException) 非法操作:store_send
[ 2013-09-12T14:27:01+08:00 ] 192.168.1.102 /lehuo/index.php?s=/ApiSend/store_send
INFO: [ route_check ] --START--
INFO: Run CheckRoute Behavior [ RunTime:0.001080s ]
INFO: [ route_check ] --END-- [ RunTime:0.001209s ]
INFO: [ app_begin ] --START--
INFO: Run ReadHtmlCache Behavior [ RunTime:0.000847s ]
INFO: [ app_begin ] --END-- [ RunTime:0.000963s ]

[ 2013-09-12T14:29:17+08:00 ] 192.168.1.102 /lehuo/index.php?s=/ApiSend/register_send
INFO: [ route_check ] --START--
INFO: Run CheckRoute Behavior [ RunTime:0.001108s ]
INFO: [ route_check ] --END-- [ RunTime:0.001249s ]
INFO: [ app_begin ] --START--
INFO: Run ReadHtmlCache Behavior [ RunTime:0.000782s ]
INFO: [ app_begin ] --END-- [ RunTime:0.000890s ]

[ 2013-09-12T14:29:56+08:00 ] 192.168.1.102 /lehuo/index.php?s=/ApiSend/store_send
INFO: [ route_check ] --START--
INFO: Run CheckRoute Behavior [ RunTime:0.000700s ]
INFO: [ route_check ] --END-- [ RunTime:0.000822s ]
INFO: [ app_begin ] --START--
INFO: Run ReadHtmlCache Behavior [ RunTime:0.000552s ]
INFO: [ app_begin ] --END-- [ RunTime:0.000626s ]

[ 2013-09-12T14:31:55+08:00 ] 192.168.1.102 /lehuo/index.php?s=/ApiSend/store_send
INFO: [ route_check ] --START--
INFO: Run CheckRoute Behavior [ RunTime:0.001175s ]
INFO: [ route_check ] --END-- [ RunTime:0.001329s ]
INFO: [ app_begin ] --START--
INFO: Run ReadHtmlCache Behavior [ RunTime:0.000729s ]
INFO: [ app_begin ] --END-- [ RunTime:0.000803s ]

