<<<<<<< HEAD
[ 2013-09-27T15:17:18+08:00 ] 127.0.0.1 /lehuo/index.php?s=/ApiJoin/join/
INFO: [ route_check ] --START--
INFO: Run CheckRoute Behavior [ RunTime:0.006189s ]
INFO: [ route_check ] --END-- [ RunTime:0.006466s ]
INFO: [ app_begin ] --START--
INFO: Run ReadHtmlCache Behavior [ RunTime:0.012526s ]
INFO: [ app_begin ] --END-- [ RunTime:0.012719s ]

[ 2013-09-27T15:17:52+08:00 ] 127.0.0.1 /lehuo/index.php?s=/ApiJoin/join/
INFO: [ route_check ] --START--
INFO: Run CheckRoute Behavior [ RunTime:0.001016s ]
INFO: [ route_check ] --END-- [ RunTime:0.001135s ]
INFO: [ app_begin ] --START--
INFO: Run ReadHtmlCache Behavior [ RunTime:0.001044s ]
INFO: [ app_begin ] --END-- [ RunTime:0.001135s ]

=======
[ 2013-09-27T15:17:18+08:00 ] 127.0.0.1 /lehuo/index.php?s=/ApiJoin/join/
INFO: [ route_check ] --START--
INFO: Run CheckRoute Behavior [ RunTime:0.006189s ]
INFO: [ route_check ] --END-- [ RunTime:0.006466s ]
INFO: [ app_begin ] --START--
INFO: Run ReadHtmlCache Behavior [ RunTime:0.012526s ]
INFO: [ app_begin ] --END-- [ RunTime:0.012719s ]

[ 2013-09-27T15:17:52+08:00 ] 127.0.0.1 /lehuo/index.php?s=/ApiJoin/join/
INFO: [ route_check ] --START--
INFO: Run CheckRoute Behavior [ RunTime:0.001016s ]
INFO: [ route_check ] --END-- [ RunTime:0.001135s ]
INFO: [ app_begin ] --START--
INFO: Run ReadHtmlCache Behavior [ RunTime:0.001044s ]
INFO: [ app_begin ] --END-- [ RunTime:0.001135s ]

>>>>>>> 875753ed9bff50cc845fe9ec340485710b57dc3a
