[ 2013-08-26T10:36:55+08:00 ] 192.168.1.27 /lehuo/index.php?s=/ApiDiscount/discount_list
INFO: [ route_check ] --START--
INFO: Run CheckRoute Behavior [ RunTime:0.001139s ]
INFO: [ route_check ] --END-- [ RunTime:0.001324s ]
INFO: [ app_begin ] --START--
INFO: Run ReadHtmlCache Behavior [ RunTime:0.000925s ]
INFO: [ app_begin ] --END-- [ RunTime:0.001007s ]

[ 2013-08-26T10:37:34+08:00 ] 192.168.1.27 /lehuo/index.php?s=/ApiJoin/join/
INFO: [ route_check ] --START--
INFO: Run CheckRoute Behavior [ RunTime:0.001050s ]
INFO: [ route_check ] --END-- [ RunTime:0.001155s ]
INFO: [ app_begin ] --START--
INFO: Run ReadHtmlCache Behavior [ RunTime:0.000831s ]
INFO: [ app_begin ] --END-- [ RunTime:0.000905s ]

[ 2013-08-26T10:37:34+08:00 ] 192.168.1.27 /lehuo/index.php?s=/ApiJoin/join/
INFO: [ route_check ] --START--
INFO: Run CheckRoute Behavior [ RunTime:0.001146s ]
INFO: [ route_check ] --END-- [ RunTime:0.001262s ]
INFO: [ app_begin ] --START--
INFO: Run ReadHtmlCache Behavior [ RunTime:0.000817s ]
INFO: [ app_begin ] --END-- [ RunTime:0.000891s ]

[ 2013-08-26T10:37:41+08:00 ] 192.168.1.27 /lehuo/index.php?s=/ApiJoin/join/
INFO: [ route_check ] --START--
INFO: Run CheckRoute Behavior [ RunTime:0.001208s ]
INFO: [ route_check ] --END-- [ RunTime:0.001358s ]
INFO: [ app_begin ] --START--
INFO: Run ReadHtmlCache Behavior [ RunTime:0.000810s ]
INFO: [ app_begin ] --END-- [ RunTime:0.000886s ]
INFO: [ view_template ] --START--
INFO: Run LocationTemplate Behavior [ RunTime:0.013221s ]
INFO: [ view_template ] --END-- [ RunTime:0.017906s ]
INFO: [ view_parse ] --START--
INFO: Run ParseTemplate Behavior [ RunTime:0.037236s ]
INFO: [ view_parse ] --END-- [ RunTime:0.037353s ]
INFO: [ view_filter ] --START--
INFO: Run ContentReplace Behavior [ RunTime:0.001017s ]
INFO: Run TokenBuild Behavior [ RunTime:0.000863s ]
INFO: Run WriteHtmlCache Behavior [ RunTime:0.000746s ]
INFO: Run ShowRuntime Behavior [ RunTime:0.001078s ]
INFO: [ view_filter ] --END-- [ RunTime:0.003946s ]
INFO: [ view_end ] --START--
INFO: Run ShowPageTrace Behavior [ RunTime:0.001024s ]
INFO: [ view_end ] --END-- [ RunTime:0.001094s ]

[ 2013-08-26T10:37:43+08:00 ] 192.168.1.27 /lehuo/index.php?s=/ApiJoin/join/
INFO: [ route_check ] --START--
INFO: Run CheckRoute Behavior [ RunTime:0.001758s ]
INFO: [ route_check ] --END-- [ RunTime:0.002008s ]
INFO: [ app_begin ] --START--
INFO: Run ReadHtmlCache Behavior [ RunTime:0.001207s ]
INFO: [ app_begin ] --END-- [ RunTime:0.001333s ]
INFO: [ view_template ] --START--
INFO: Run LocationTemplate Behavior [ RunTime:0.001221s ]
INFO: [ view_template ] --END-- [ RunTime:0.001312s ]
INFO: [ view_parse ] --START--
INFO: Run ParseTemplate Behavior [ RunTime:0.009025s ]
INFO: [ view_parse ] --END-- [ RunTime:0.009124s ]
INFO: [ view_filter ] --START--
INFO: Run ContentReplace Behavior [ RunTime:0.000851s ]
INFO: Run TokenBuild Behavior [ RunTime:0.000769s ]
INFO: Run WriteHtmlCache Behavior [ RunTime:0.000614s ]
INFO: Run ShowRuntime Behavior [ RunTime:0.000781s ]
INFO: [ view_filter ] --END-- [ RunTime:0.003214s ]
INFO: [ view_end ] --START--
INFO: Run ShowPageTrace Behavior [ RunTime:0.000864s ]
INFO: [ view_end ] --END-- [ RunTime:0.000928s ]

[ 2013-08-26T10:38:50+08:00 ] 192.168.1.27 /lehuo/index.php?s=/ApiJoin/join/
INFO: [ route_check ] --START--
INFO: Run CheckRoute Behavior [ RunTime:0.001059s ]
INFO: [ route_check ] --END-- [ RunTime:0.001189s ]
INFO: [ app_begin ] --START--
INFO: Run ReadHtmlCache Behavior [ RunTime:0.000868s ]
INFO: [ app_begin ] --END-- [ RunTime:0.000950s ]
INFO: [ view_template ] --START--
INFO: Run LocationTemplate Behavior [ RunTime:0.001151s ]
INFO: [ view_template ] --END-- [ RunTime:0.001230s ]
INFO: [ view_parse ] --START--
INFO: Run ParseTemplate Behavior [ RunTime:0.008639s ]
INFO: [ view_parse ] --END-- [ RunTime:0.008728s ]
INFO: [ view_filter ] --START--
INFO: Run ContentReplace Behavior [ RunTime:0.000758s ]
INFO: Run TokenBuild Behavior [ RunTime:0.000824s ]
INFO: Run WriteHtmlCache Behavior [ RunTime:0.000755s ]
INFO: Run ShowRuntime Behavior [ RunTime:0.000928s ]
INFO: [ view_filter ] --END-- [ RunTime:0.003593s ]
INFO: [ view_end ] --START--
INFO: Run ShowPageTrace Behavior [ RunTime:0.001093s ]
INFO: [ view_end ] --END-- [ RunTime:0.001178s ]

[ 2013-08-26T11:07:44+08:00 ] 192.168.1.27 /lehuo/index.php?s=/ApiDiscount/discount_list/city/1
INFO: [ route_check ] --START--
INFO: Run CheckRoute Behavior [ RunTime:0.000736s ]
INFO: [ route_check ] --END-- [ RunTime:0.000843s ]
INFO: [ app_begin ] --START--
INFO: Run ReadHtmlCache Behavior [ RunTime:0.000630s ]
INFO: [ app_begin ] --END-- [ RunTime:0.000708s ]

[ 2013-08-26T11:36:41+08:00 ] 192.168.1.27 /lehuo/index.php?s=/ApiSend/register_send
INFO: [ route_check ] --START--
INFO: Run CheckRoute Behavior [ RunTime:0.001026s ]
INFO: [ route_check ] --END-- [ RunTime:0.001173s ]
INFO: [ app_begin ] --START--
INFO: Run ReadHtmlCache Behavior [ RunTime:0.000863s ]
INFO: [ app_begin ] --END-- [ RunTime:0.000968s ]

[ 2013-08-26T11:37:26+08:00 ] 192.168.1.27 /lehuo/index.php?s=/HtmlJoin/auditing
INFO: [ route_check ] --START--
INFO: Run CheckRoute Behavior [ RunTime:0.002078s ]
INFO: [ route_check ] --END-- [ RunTime:0.002270s ]
INFO: [ app_begin ] --START--
INFO: Run ReadHtmlCache Behavior [ RunTime:0.001299s ]
INFO: [ app_begin ] --END-- [ RunTime:0.001469s ]
SQL: SHOW COLUMNS FROM `lh_join` [ RunTime:0.004804s ]
SQL: 
			SELECT 
						j.id,
						j.store_name,
						j.address,
						j.store_phone,
						j.time,
						j.status,
						(SELECT file_address FROM lh_file AS f WHERE f.id=j.store_pic LIMIT 1) AS store_pic,
						(SELECT file_address FROM lh_file AS f WHERE f.id=j.licence_pic LIMIT 1) AS licence_pic
			FROM
						lh_join AS j
		WHERE		
						status = '1'
		 [ RunTime:0.000973s ]
INFO: [ view_template ] --START--
INFO: Run LocationTemplate Behavior [ RunTime:0.001121s ]
INFO: [ view_template ] --END-- [ RunTime:0.001229s ]
INFO: [ view_parse ] --START--
INFO: Run ParseTemplate Behavior [ RunTime:0.029596s ]
INFO: [ view_parse ] --END-- [ RunTime:0.029714s ]
INFO: [ view_filter ] --START--
INFO: Run ContentReplace Behavior [ RunTime:0.000745s ]
INFO: Run TokenBuild Behavior [ RunTime:0.000643s ]
INFO: Run WriteHtmlCache Behavior [ RunTime:0.000615s ]
INFO: Run ShowRuntime Behavior [ RunTime:0.000835s ]
INFO: [ view_filter ] --END-- [ RunTime:0.003052s ]
INFO: [ view_end ] --START--
INFO: Run ShowPageTrace Behavior [ RunTime:0.000847s ]
INFO: [ view_end ] --END-- [ RunTime:0.000913s ]

[ 2013-08-26T11:37:27+08:00 ] 192.168.1.27 /lehuo/index.php?s=/HtmlJoin/auditing
INFO: [ route_check ] --START--
INFO: Run CheckRoute Behavior [ RunTime:0.000675s ]
INFO: [ route_check ] --END-- [ RunTime:0.000767s ]
INFO: [ app_begin ] --START--
INFO: Run ReadHtmlCache Behavior [ RunTime:0.000541s ]
INFO: [ app_begin ] --END-- [ RunTime:0.000616s ]
SQL: SHOW COLUMNS FROM `lh_join` [ RunTime:0.003541s ]
SQL: 
			SELECT 
						j.id,
						j.store_name,
						j.address,
						j.store_phone,
						j.time,
						j.status,
						(SELECT file_address FROM lh_file AS f WHERE f.id=j.store_pic LIMIT 1) AS store_pic,
						(SELECT file_address FROM lh_file AS f WHERE f.id=j.licence_pic LIMIT 1) AS licence_pic
			FROM
						lh_join AS j
		WHERE		
						status = '1'
		 [ RunTime:0.000299s ]
INFO: [ view_template ] --START--
INFO: Run LocationTemplate Behavior [ RunTime:0.001145s ]
INFO: [ view_template ] --END-- [ RunTime:0.001265s ]
INFO: [ view_parse ] --START--
INFO: Run ParseTemplate Behavior [ RunTime:0.012768s ]
INFO: [ view_parse ] --END-- [ RunTime:0.012919s ]
INFO: [ view_filter ] --START--
INFO: Run ContentReplace Behavior [ RunTime:0.001028s ]
INFO: Run TokenBuild Behavior [ RunTime:0.000581s ]
INFO: Run WriteHtmlCache Behavior [ RunTime:0.000529s ]
INFO: Run ShowRuntime Behavior [ RunTime:0.000675s ]
INFO: [ view_filter ] --END-- [ RunTime:0.003069s ]
INFO: [ view_end ] --START--
INFO: Run ShowPageTrace Behavior [ RunTime:0.000599s ]
INFO: [ view_end ] --END-- [ RunTime:0.000664s ]

