[ 2013-09-02T10:32:28+08:00 ] 192.168.1.7 /lehuo/
INFO: [ app_begin ] --START--
INFO: Run ReadHtmlCache Behavior [ RunTime:0.000986s ]
INFO: [ app_begin ] --END-- [ RunTime:0.001973s ]
INFO: [ view_parse ] --START--
INFO: Run ParseTemplate Behavior [ RunTime:0.026358s ]
INFO: [ view_parse ] --END-- [ RunTime:0.026468s ]
INFO: [ view_filter ] --START--
INFO: Run ContentReplace Behavior [ RunTime:0.012184s ]
INFO: Run TokenBuild Behavior [ RunTime:0.000877s ]
INFO: Run WriteHtmlCache Behavior [ RunTime:0.000649s ]
INFO: Run ShowRuntime Behavior [ RunTime:0.009604s ]
INFO: [ view_filter ] --END-- [ RunTime:0.023556s ]
INFO: [ view_end ] --START--
INFO: Run ShowPageTrace Behavior [ RunTime:0.007208s ]
INFO: [ view_end ] --END-- [ RunTime:0.007299s ]

[ 2013-09-02T10:32:31+08:00 ] 192.168.1.7 /lehuo/
INFO: [ app_begin ] --START--
INFO: Run ReadHtmlCache Behavior [ RunTime:0.000764s ]
INFO: [ app_begin ] --END-- [ RunTime:0.000861s ]
INFO: [ view_parse ] --START--
INFO: Run ParseTemplate Behavior [ RunTime:0.001228s ]
INFO: [ view_parse ] --END-- [ RunTime:0.001317s ]
INFO: [ view_filter ] --START--
INFO: Run ContentReplace Behavior [ RunTime:0.000538s ]
INFO: Run TokenBuild Behavior [ RunTime:0.000530s ]
INFO: Run WriteHtmlCache Behavior [ RunTime:0.000444s ]
INFO: Run ShowRuntime Behavior [ RunTime:0.000592s ]
INFO: [ view_filter ] --END-- [ RunTime:0.002296s ]
INFO: [ view_end ] --START--
INFO: Run ShowPageTrace Behavior [ RunTime:0.000728s ]
INFO: [ view_end ] --END-- [ RunTime:0.000803s ]

[ 2013-09-02T10:32:32+08:00 ] 192.168.1.7 /lehuo/
INFO: [ app_begin ] --START--
INFO: Run ReadHtmlCache Behavior [ RunTime:0.000697s ]
INFO: [ app_begin ] --END-- [ RunTime:0.000824s ]
INFO: [ view_parse ] --START--
INFO: Run ParseTemplate Behavior [ RunTime:0.001366s ]
INFO: [ view_parse ] --END-- [ RunTime:0.001482s ]
INFO: [ view_filter ] --START--
INFO: Run ContentReplace Behavior [ RunTime:0.000636s ]
INFO: Run TokenBuild Behavior [ RunTime:0.000623s ]
INFO: Run WriteHtmlCache Behavior [ RunTime:0.000526s ]
INFO: Run ShowRuntime Behavior [ RunTime:0.000682s ]
INFO: [ view_filter ] --END-- [ RunTime:0.002681s ]
INFO: [ view_end ] --START--
INFO: Run ShowPageTrace Behavior [ RunTime:0.000736s ]
INFO: [ view_end ] --END-- [ RunTime:0.000811s ]

[ 2013-09-02T10:32:32+08:00 ] 192.168.1.7 /lehuo/
INFO: [ app_begin ] --START--
INFO: Run ReadHtmlCache Behavior [ RunTime:0.001447s ]
INFO: [ app_begin ] --END-- [ RunTime:0.001644s ]
INFO: [ view_parse ] --START--
INFO: Run ParseTemplate Behavior [ RunTime:0.002425s ]
INFO: [ view_parse ] --END-- [ RunTime:0.002666s ]
INFO: [ view_filter ] --START--
INFO: Run ContentReplace Behavior [ RunTime:0.001224s ]
INFO: Run TokenBuild Behavior [ RunTime:0.001248s ]
INFO: Run WriteHtmlCache Behavior [ RunTime:0.000993s ]
INFO: Run ShowRuntime Behavior [ RunTime:0.001403s ]
INFO: [ view_filter ] --END-- [ RunTime:0.005324s ]
INFO: [ view_end ] --START--
INFO: Run ShowPageTrace Behavior [ RunTime:0.000920s ]
INFO: [ view_end ] --END-- [ RunTime:0.001002s ]

[ 2013-09-02T10:32:32+08:00 ] 192.168.1.7 /lehuo/
INFO: [ app_begin ] --START--
INFO: Run ReadHtmlCache Behavior [ RunTime:0.001468s ]
INFO: [ app_begin ] --END-- [ RunTime:0.001667s ]
INFO: [ view_parse ] --START--
INFO: Run ParseTemplate Behavior [ RunTime:0.002733s ]
INFO: [ view_parse ] --END-- [ RunTime:0.003018s ]
INFO: [ view_filter ] --START--
INFO: Run ContentReplace Behavior [ RunTime:0.000862s ]
INFO: Run TokenBuild Behavior [ RunTime:0.000549s ]
INFO: Run WriteHtmlCache Behavior [ RunTime:0.000566s ]
INFO: Run ShowRuntime Behavior [ RunTime:0.000696s ]
INFO: [ view_filter ] --END-- [ RunTime:0.002909s ]
INFO: [ view_end ] --START--
INFO: Run ShowPageTrace Behavior [ RunTime:0.000780s ]
INFO: [ view_end ] --END-- [ RunTime:0.000855s ]

[ 2013-09-02T10:32:32+08:00 ] 192.168.1.7 /lehuo/
INFO: [ app_begin ] --START--
INFO: Run ReadHtmlCache Behavior [ RunTime:0.000808s ]
INFO: [ app_begin ] --END-- [ RunTime:0.000931s ]
INFO: [ view_parse ] --START--
INFO: Run ParseTemplate Behavior [ RunTime:0.001230s ]
INFO: [ view_parse ] --END-- [ RunTime:0.001337s ]
INFO: [ view_filter ] --START--
INFO: Run ContentReplace Behavior [ RunTime:0.000609s ]
INFO: Run TokenBuild Behavior [ RunTime:0.000628s ]
INFO: Run WriteHtmlCache Behavior [ RunTime:0.001315s ]
INFO: Run ShowRuntime Behavior [ RunTime:0.000881s ]
INFO: [ view_filter ] --END-- [ RunTime:0.003794s ]
INFO: [ view_end ] --START--
INFO: Run ShowPageTrace Behavior [ RunTime:0.000911s ]
INFO: [ view_end ] --END-- [ RunTime:0.000998s ]

[ 2013-09-02T10:32:33+08:00 ] 192.168.1.7 /lehuo/
INFO: [ app_begin ] --START--
INFO: Run ReadHtmlCache Behavior [ RunTime:0.000765s ]
INFO: [ app_begin ] --END-- [ RunTime:0.000889s ]
INFO: [ view_parse ] --START--
INFO: Run ParseTemplate Behavior [ RunTime:0.001230s ]
INFO: [ view_parse ] --END-- [ RunTime:0.001323s ]
INFO: [ view_filter ] --START--
INFO: Run ContentReplace Behavior [ RunTime:0.000606s ]
INFO: Run TokenBuild Behavior [ RunTime:0.000614s ]
INFO: Run WriteHtmlCache Behavior [ RunTime:0.000487s ]
INFO: Run ShowRuntime Behavior [ RunTime:0.000997s ]
INFO: [ view_filter ] --END-- [ RunTime:0.002928s ]
INFO: [ view_end ] --START--
INFO: Run ShowPageTrace Behavior [ RunTime:0.000984s ]
INFO: [ view_end ] --END-- [ RunTime:0.001073s ]

[ 2013-09-02T10:32:33+08:00 ] 192.168.1.7 /lehuo/
INFO: [ app_begin ] --START--
INFO: Run ReadHtmlCache Behavior [ RunTime:0.000698s ]
INFO: [ app_begin ] --END-- [ RunTime:0.000806s ]
INFO: [ view_parse ] --START--
INFO: Run ParseTemplate Behavior [ RunTime:0.001772s ]
INFO: [ view_parse ] --END-- [ RunTime:0.001898s ]
INFO: [ view_filter ] --START--
INFO: Run ContentReplace Behavior [ RunTime:0.000969s ]
INFO: Run TokenBuild Behavior [ RunTime:0.000817s ]
INFO: Run WriteHtmlCache Behavior [ RunTime:0.000630s ]
INFO: Run ShowRuntime Behavior [ RunTime:0.000884s ]
INFO: [ view_filter ] --END-- [ RunTime:0.003600s ]
INFO: [ view_end ] --START--
INFO: Run ShowPageTrace Behavior [ RunTime:0.001018s ]
INFO: [ view_end ] --END-- [ RunTime:0.001100s ]

[ 2013-09-02T10:32:33+08:00 ] 192.168.1.7 /lehuo/
INFO: [ app_begin ] --START--
INFO: Run ReadHtmlCache Behavior [ RunTime:0.001251s ]
INFO: [ app_begin ] --END-- [ RunTime:0.001450s ]
INFO: [ view_parse ] --START--
INFO: Run ParseTemplate Behavior [ RunTime:0.002188s ]
INFO: [ view_parse ] --END-- [ RunTime:0.002365s ]
INFO: [ view_filter ] --START--
INFO: Run ContentReplace Behavior [ RunTime:0.000953s ]
INFO: Run TokenBuild Behavior [ RunTime:0.000901s ]
INFO: Run WriteHtmlCache Behavior [ RunTime:0.000797s ]
INFO: Run ShowRuntime Behavior [ RunTime:0.001046s ]
INFO: [ view_filter ] --END-- [ RunTime:0.004028s ]
INFO: [ view_end ] --START--
INFO: Run ShowPageTrace Behavior [ RunTime:0.001204s ]
INFO: [ view_end ] --END-- [ RunTime:0.001325s ]

[ 2013-09-02T10:32:37+08:00 ] 192.168.1.7 /lehuo/
INFO: [ app_begin ] --START--
INFO: Run ReadHtmlCache Behavior [ RunTime:0.001373s ]
INFO: [ app_begin ] --END-- [ RunTime:0.001568s ]
INFO: [ view_parse ] --START--
INFO: Run ParseTemplate Behavior [ RunTime:0.001434s ]
INFO: [ view_parse ] --END-- [ RunTime:0.001569s ]
INFO: [ view_filter ] --START--
INFO: Run ContentReplace Behavior [ RunTime:0.000635s ]
INFO: Run TokenBuild Behavior [ RunTime:0.000567s ]
INFO: Run WriteHtmlCache Behavior [ RunTime:0.000449s ]
INFO: Run ShowRuntime Behavior [ RunTime:0.000646s ]
INFO: [ view_filter ] --END-- [ RunTime:0.002484s ]
INFO: [ view_end ] --START--
INFO: Run ShowPageTrace Behavior [ RunTime:0.000846s ]
INFO: [ view_end ] --END-- [ RunTime:0.000929s ]

[ 2013-09-02T14:19:29+08:00 ] 192.168.1.7 /lehuo/
INFO: [ app_begin ] --START--
INFO: Run ReadHtmlCache Behavior [ RunTime:0.001038s ]
INFO: [ app_begin ] --END-- [ RunTime:0.001207s ]
INFO: [ view_parse ] --START--
INFO: Run ParseTemplate Behavior [ RunTime:0.001840s ]
INFO: [ view_parse ] --END-- [ RunTime:0.001924s ]
INFO: [ view_filter ] --START--
INFO: Run ContentReplace Behavior [ RunTime:0.000717s ]
INFO: Run TokenBuild Behavior [ RunTime:0.000741s ]
INFO: Run WriteHtmlCache Behavior [ RunTime:0.000608s ]
INFO: Run ShowRuntime Behavior [ RunTime:0.000795s ]
INFO: [ view_filter ] --END-- [ RunTime:0.003046s ]
INFO: [ view_end ] --START--
INFO: Run ShowPageTrace Behavior [ RunTime:0.000856s ]
INFO: [ view_end ] --END-- [ RunTime:0.000938s ]

