[ 2014-01-07T23:36:42+08:00 ] 114.87.234.194 /market/index.php?s=/ApiJoin/get_result
INFO: [ route_check ] --START--
INFO: CheckRoute Behavior ::run [ RunTime:0.000487s ]
INFO: [ route_check ] --END-- [ RunTime:0.000554s ]
INFO: [ app_begin ] --START--
INFO: ReadHtmlCache Behavior ::run [ RunTime:0.000270s ]
INFO: [ app_begin ] --END-- [ RunTime:0.000309s ]
SQL: SHOW COLUMNS FROM `lh_join` [ RunTime:0.001781s ]
SQL: SHOW COLUMNS FROM `lh_file` [ RunTime:0.000669s ]
NOTIC: 建议使用I方法替代_get
NOTIC: 建议使用I方法替代_get
SQL: SELECT `id`,`store_name`,`trade`,`estate`,`draw`,`lng`,`lat`,`address`,`store_phone`,`city`,`start_business`,`classification`,`official`,`store_pic` FROM `lh_join` WHERE ( `status` = 0 ) AND ( (`lat` <> 0) AND (`lat` > -0.89932160591873) AND (`lat` < 0.89932160591873)  ) AND ( (`lng` > -0.89932160591873) AND (`lng` < 0.89932160591873)  )  [ RunTime:0.000324s ]

[ 2014-01-07T23:37:10+08:00 ] 114.87.234.194 /market/index.php?s=/ApiJoin/get_result
INFO: [ route_check ] --START--
INFO: CheckRoute Behavior ::run [ RunTime:0.000463s ]
INFO: [ route_check ] --END-- [ RunTime:0.000527s ]
INFO: [ app_begin ] --START--
INFO: ReadHtmlCache Behavior ::run [ RunTime:0.000274s ]
INFO: [ app_begin ] --END-- [ RunTime:0.000313s ]
SQL: SHOW COLUMNS FROM `lh_join` [ RunTime:0.000648s ]
SQL: SHOW COLUMNS FROM `lh_file` [ RunTime:0.000551s ]
NOTIC: 建议使用I方法替代_get
NOTIC: 建议使用I方法替代_get
SQL: SELECT `id`,`store_name`,`trade`,`estate`,`draw`,`lng`,`lat`,`address`,`store_phone`,`city`,`start_business`,`classification`,`official`,`store_pic` FROM `lh_join` WHERE ( `status` = 0 ) AND ( (`lat` <> 0) AND (`lat` > -0.89932160591873) AND (`lat` < 0.89932160591873)  ) AND ( (`lng` > -0.89932160591873) AND (`lng` < 0.89932160591873)  )  [ RunTime:0.000345s ]

[ 2014-01-07T23:37:32+08:00 ] 114.87.234.194 /market/index.php?s=/ApiJoin/get_result
INFO: [ route_check ] --START--
INFO: CheckRoute Behavior ::run [ RunTime:0.000458s ]
INFO: [ route_check ] --END-- [ RunTime:0.000519s ]
INFO: [ app_begin ] --START--
INFO: ReadHtmlCache Behavior ::run [ RunTime:0.000267s ]
INFO: [ app_begin ] --END-- [ RunTime:0.000306s ]
SQL: SHOW COLUMNS FROM `lh_join` [ RunTime:0.000956s ]
SQL: SHOW COLUMNS FROM `lh_file` [ RunTime:0.000698s ]
NOTIC: 建议使用I方法替代_get
NOTIC: 建议使用I方法替代_get
SQL: SELECT `id`,`store_name`,`trade`,`estate`,`draw`,`lng`,`lat`,`address`,`store_phone`,`city`,`start_business`,`classification`,`official`,`store_pic` FROM `lh_join` WHERE ( `status` = 0 ) AND ( (`lat` <> 0) AND (`lat` > -0.89932160591873) AND (`lat` < 0.89932160591873)  ) AND ( (`lng` > -0.89932160591873) AND (`lng` < 0.89932160591873)  )  [ RunTime:0.000517s ]

[ 2014-01-07T23:37:45+08:00 ] 114.87.234.194 /market/index.php?s=/ApiJoin/get_result
INFO: [ route_check ] --START--
INFO: CheckRoute Behavior ::run [ RunTime:0.000464s ]
INFO: [ route_check ] --END-- [ RunTime:0.000525s ]
INFO: [ app_begin ] --START--
INFO: ReadHtmlCache Behavior ::run [ RunTime:0.000271s ]
INFO: [ app_begin ] --END-- [ RunTime:0.000311s ]
SQL: SHOW COLUMNS FROM `lh_join` [ RunTime:0.000933s ]
SQL: SHOW COLUMNS FROM `lh_file` [ RunTime:0.000700s ]
NOTIC: 建议使用I方法替代_get
NOTIC: 建议使用I方法替代_get
SQL: SELECT `id`,`store_name`,`trade`,`estate`,`draw`,`lng`,`lat`,`address`,`store_phone`,`city`,`start_business`,`classification`,`official`,`store_pic` FROM `lh_join` WHERE ( `status` = 0 ) AND ( (`lat` <> 0) AND (`lat` > -0.89932160591873) AND (`lat` < 0.89932160591873)  ) AND ( (`lng` > -0.89932160591873) AND (`lng` < 0.89932160591873)  )  [ RunTime:0.000528s ]

[ 2014-01-07T23:37:56+08:00 ] 114.87.234.194 /market/index.php?s=/ApiJoin/get_result
INFO: [ route_check ] --START--
INFO: CheckRoute Behavior ::run [ RunTime:0.000468s ]
INFO: [ route_check ] --END-- [ RunTime:0.000532s ]
INFO: [ app_begin ] --START--
INFO: ReadHtmlCache Behavior ::run [ RunTime:0.000269s ]
INFO: [ app_begin ] --END-- [ RunTime:0.000308s ]
SQL: SHOW COLUMNS FROM `lh_join` [ RunTime:0.000940s ]
SQL: SHOW COLUMNS FROM `lh_file` [ RunTime:0.000672s ]
NOTIC: 建议使用I方法替代_get
NOTIC: 建议使用I方法替代_get
SQL: SELECT `id`,`store_name`,`trade`,`estate`,`draw`,`lng`,`lat`,`address`,`store_phone`,`city`,`start_business`,`classification`,`official`,`store_pic` FROM `lh_join` WHERE ( `status` = 0 ) AND ( (`lat` <> 0) AND (`lat` > -0.89932160591873) AND (`lat` < 0.89932160591873)  ) AND ( (`lng` > -0.89932160591873) AND (`lng` < 0.89932160591873)  )  [ RunTime:0.000517s ]

