[ 2014-01-15T15:57:24+08:00 ] 192.168.1.102 /market/
INFO: [ app_begin ] --START--
INFO: ReadHtmlCache Behavior ::run [ RunTime:0.001305s ]
INFO: [ app_begin ] --END-- [ RunTime:0.001512s ]
INFO: [ view_parse ] --START--
INFO: ParseTemplate Behavior ::run [ RunTime:0.022984s ]
INFO: [ view_parse ] --END-- [ RunTime:0.023127s ]
INFO: [ view_filter ] --START--
NOTIC: [8] Use of undefined constant APP_TMPL_PATH - assumed 'APP_TMPL_PATH' C:\wamp\www\ThinkPHP\ThinkPHP3.1.3\Lib\Behavior\ContentReplaceBehavior.class.php 第 40 行.
NOTIC: [8] Use of undefined constant APP_TMPL_PATH - assumed 'APP_TMPL_PATH' C:\wamp\www\ThinkPHP\ThinkPHP3.1.3\Lib\Behavior\ContentReplaceBehavior.class.php 第 47 行.
INFO: ContentReplace Behavior ::run [ RunTime:0.016274s ]
INFO: TokenBuild Behavior ::run [ RunTime:0.011637s ]
INFO: WriteHtmlCache Behavior ::run [ RunTime:0.006402s ]
INFO: ShowRuntime Behavior ::run [ RunTime:0.010580s ]
INFO: [ view_filter ] --END-- [ RunTime:0.045326s ]
INFO: [ view_end ] --START--
INFO: ShowPageTrace Behavior ::run [ RunTime:0.011409s ]
INFO: [ view_end ] --END-- [ RunTime:0.011570s ]

[ 2014-01-15T15:57:31+08:00 ] 192.168.1.102 /market/index.php?s=/ApiJoin/get_result/&distance=10&lng=121.505665&lat=31.241402
INFO: [ route_check ] --START--
INFO: CheckRoute Behavior ::run [ RunTime:0.001209s ]
INFO: [ route_check ] --END-- [ RunTime:0.001341s ]
INFO: [ app_begin ] --START--
INFO: ReadHtmlCache Behavior ::run [ RunTime:0.000690s ]
INFO: [ app_begin ] --END-- [ RunTime:0.000995s ]

[ 2014-01-15T15:57:56+08:00 ] 192.168.1.102 /market/index.php?s=/ApiJoin/get_result/&distance=10&lng=121.505665&lat=31.241402
INFO: [ route_check ] --START--
INFO: CheckRoute Behavior ::run [ RunTime:0.000744s ]
INFO: [ route_check ] --END-- [ RunTime:0.000861s ]
INFO: [ app_begin ] --START--
INFO: ReadHtmlCache Behavior ::run [ RunTime:0.000551s ]
INFO: [ app_begin ] --END-- [ RunTime:0.000644s ]
NOTIC: [2] mysql_connect() [<a href='function.mysql-connect'>function.mysql-connect</a>]: Access denied for user 'lehuo'@'localhost' (using password: YES) C:\wamp\www\ThinkPHP\ThinkPHP3.1.3\Lib\Driver\Db\DbMysql.class.php 第 55 行.
ERR: Access denied for user 'lehuo'@'localhost' (using password: YES)

[ 2014-01-15T16:12:34+08:00 ] 192.168.1.102 /market/index.php?s=/ApiJoin/get_result/&distance=10&lng=121.505665&lat=31.241402
INFO: [ route_check ] --START--
INFO: CheckRoute Behavior ::run [ RunTime:0.001202s ]
INFO: [ route_check ] --END-- [ RunTime:0.001339s ]
INFO: [ app_begin ] --START--
INFO: ReadHtmlCache Behavior ::run [ RunTime:0.000993s ]
INFO: [ app_begin ] --END-- [ RunTime:0.001123s ]
NOTIC: [2] mysql_connect() [<a href='function.mysql-connect'>function.mysql-connect</a>]: Access denied for user 'lehuo'@'localhost' (using password: YES) C:\wamp\www\ThinkPHP\ThinkPHP3.1.3\Lib\Driver\Db\DbMysql.class.php 第 55 行.
ERR: Access denied for user 'lehuo'@'localhost' (using password: YES)

