[ 2014-01-14T11:15:38+08:00 ] 116.226.217.58 /market/index.php?s=/ApiJoin/get_result
INFO: [ route_check ] --START--
INFO: CheckRoute Behavior ::run [ RunTime:0.000463s ]
INFO: [ route_check ] --END-- [ RunTime:0.000526s ]
INFO: [ app_begin ] --START--
INFO: ReadHtmlCache Behavior ::run [ RunTime:0.000268s ]
INFO: [ app_begin ] --END-- [ RunTime:0.000307s ]
SQL: SHOW COLUMNS FROM `lh_join` [ RunTime:0.001878s ]
SQL: SHOW COLUMNS FROM `lh_file` [ RunTime:0.000722s ]
NOTIC: 建议使用I方法替代_get
NOTIC: 建议使用I方法替代_get
SQL: SELECT `id`,`store_name`,`trade`,`estate`,`draw`,`lng`,`lat`,`address`,`store_phone`,`city`,`start_business`,`classification`,`official`,`store_pic` FROM `lh_join` WHERE ( `status` = 0 ) AND ( (`lat` <> 0) AND (`lat` > -0.89932160591873) AND (`lat` < 0.89932160591873)  ) AND ( (`lng` > -0.89932160591873) AND (`lng` < 0.89932160591873)  )  [ RunTime:0.000309s ]

[ 2014-01-14T11:15:46+08:00 ] 116.226.217.58 /market/index.php?s=/ApiDiscount/discount_list
INFO: [ route_check ] --START--
INFO: CheckRoute Behavior ::run [ RunTime:0.000493s ]
INFO: [ route_check ] --END-- [ RunTime:0.000560s ]
INFO: [ app_begin ] --START--
INFO: ReadHtmlCache Behavior ::run [ RunTime:0.000271s ]
INFO: [ app_begin ] --END-- [ RunTime:0.000311s ]
SQL: SHOW COLUMNS FROM `lh_city` [ RunTime:0.000750s ]
SQL: SELECT d.store_id,d.content,f.file_address FROM lh_discount AS d LEFT JOIN lh_file AS f ON d.pic_id = f.id WHERE ( d.city_id = '2' ) AND ( d.status = 0 ) AND ( f.type = 3 )  [ RunTime:0.000559s ]

[ 2014-01-14T13:35:07+08:00 ] 58.35.175.16 /market/index.php?s=/ApiDiscount/discount_list
INFO: [ route_check ] --START--
INFO: CheckRoute Behavior ::run [ RunTime:0.000462s ]
INFO: [ route_check ] --END-- [ RunTime:0.000525s ]
INFO: [ app_begin ] --START--
INFO: ReadHtmlCache Behavior ::run [ RunTime:0.000268s ]
INFO: [ app_begin ] --END-- [ RunTime:0.000308s ]
SQL: SHOW COLUMNS FROM `lh_city` [ RunTime:0.001030s ]
SQL: SELECT d.store_id,d.content,f.file_address FROM lh_discount AS d LEFT JOIN lh_file AS f ON d.pic_id = f.id WHERE ( d.city_id = '2' ) AND ( d.status = 0 ) AND ( f.type = 3 )  [ RunTime:0.000844s ]

[ 2014-01-14T13:37:34+08:00 ] 58.35.175.16 /market/index.php?s=/ApiDiscount/discount_list
INFO: [ route_check ] --START--
INFO: CheckRoute Behavior ::run [ RunTime:0.000466s ]
INFO: [ route_check ] --END-- [ RunTime:0.000528s ]
INFO: [ app_begin ] --START--
INFO: ReadHtmlCache Behavior ::run [ RunTime:0.000269s ]
INFO: [ app_begin ] --END-- [ RunTime:0.000309s ]
SQL: SHOW COLUMNS FROM `lh_city` [ RunTime:0.000696s ]
SQL: SELECT d.store_id,d.content,f.file_address FROM lh_discount AS d LEFT JOIN lh_file AS f ON d.pic_id = f.id WHERE ( d.city_id = '2' ) AND ( d.status = 0 ) AND ( f.type = 3 )  [ RunTime:0.000464s ]

[ 2014-01-14T13:47:44+08:00 ] 58.35.175.16 /market/index.php?s=/ApiJoin/get_result
INFO: [ route_check ] --START--
INFO: CheckRoute Behavior ::run [ RunTime:0.000482s ]
INFO: [ route_check ] --END-- [ RunTime:0.000546s ]
INFO: [ app_begin ] --START--
INFO: ReadHtmlCache Behavior ::run [ RunTime:0.000275s ]
INFO: [ app_begin ] --END-- [ RunTime:0.000315s ]
SQL: SHOW COLUMNS FROM `lh_join` [ RunTime:0.001146s ]
SQL: SHOW COLUMNS FROM `lh_file` [ RunTime:0.000711s ]
NOTIC: 建议使用I方法替代_get
NOTIC: 建议使用I方法替代_get
SQL: SELECT `id`,`store_name`,`trade`,`estate`,`draw`,`lng`,`lat`,`address`,`store_phone`,`city`,`start_business`,`classification`,`official`,`store_pic` FROM `lh_join` WHERE ( `status` = 0 ) AND ( (`lat` <> 0) AND (`lat` > -0.89932160591873) AND (`lat` < 0.89932160591873)  ) AND ( (`lng` > -0.89932160591873) AND (`lng` < 0.89932160591873)  )  [ RunTime:0.000516s ]

[ 2014-01-14T13:48:03+08:00 ] 58.35.175.16 /market/index.php?s=/ApiJoin/get_result
INFO: [ route_check ] --START--
INFO: CheckRoute Behavior ::run [ RunTime:0.000461s ]
INFO: [ route_check ] --END-- [ RunTime:0.000524s ]
INFO: [ app_begin ] --START--
INFO: ReadHtmlCache Behavior ::run [ RunTime:0.000276s ]
INFO: [ app_begin ] --END-- [ RunTime:0.000317s ]
SQL: SHOW COLUMNS FROM `lh_join` [ RunTime:0.000998s ]
SQL: SHOW COLUMNS FROM `lh_file` [ RunTime:0.000698s ]
NOTIC: 建议使用I方法替代_get
NOTIC: 建议使用I方法替代_get
SQL: SELECT `id`,`store_name`,`trade`,`estate`,`draw`,`lng`,`lat`,`address`,`store_phone`,`city`,`start_business`,`classification`,`official`,`store_pic` FROM `lh_join` WHERE ( `status` = 0 ) AND ( (`lat` <> 0) AND (`lat` > -0.89932160591873) AND (`lat` < 0.89932160591873)  ) AND ( (`lng` > -0.89932160591873) AND (`lng` < 0.89932160591873)  )  [ RunTime:0.000512s ]

[ 2014-01-14T13:48:07+08:00 ] 58.35.175.16 /market/index.php?s=/ApiJoin/get_result
INFO: [ route_check ] --START--
INFO: CheckRoute Behavior ::run [ RunTime:0.000459s ]
INFO: [ route_check ] --END-- [ RunTime:0.000520s ]
INFO: [ app_begin ] --START--
INFO: ReadHtmlCache Behavior ::run [ RunTime:0.000271s ]
INFO: [ app_begin ] --END-- [ RunTime:0.000310s ]
SQL: SHOW COLUMNS FROM `lh_join` [ RunTime:0.000936s ]
SQL: SHOW COLUMNS FROM `lh_file` [ RunTime:0.000698s ]
NOTIC: 建议使用I方法替代_get
NOTIC: 建议使用I方法替代_get
SQL: SELECT `id`,`store_name`,`trade`,`estate`,`draw`,`lng`,`lat`,`address`,`store_phone`,`city`,`start_business`,`classification`,`official`,`store_pic` FROM `lh_join` WHERE ( `status` = 0 ) AND ( (`lat` <> 0) AND (`lat` > -0.89932160591873) AND (`lat` < 0.89932160591873)  ) AND ( (`lng` > -0.89932160591873) AND (`lng` < 0.89932160591873)  )  [ RunTime:0.000524s ]

[ 2014-01-14T13:48:11+08:00 ] 58.35.175.16 /market/index.php?s=/ApiDiscount/discount_list
INFO: [ route_check ] --START--
INFO: CheckRoute Behavior ::run [ RunTime:0.000459s ]
INFO: [ route_check ] --END-- [ RunTime:0.000521s ]
INFO: [ app_begin ] --START--
INFO: ReadHtmlCache Behavior ::run [ RunTime:0.000274s ]
INFO: [ app_begin ] --END-- [ RunTime:0.000313s ]
SQL: SHOW COLUMNS FROM `lh_city` [ RunTime:0.000672s ]
SQL: SELECT d.store_id,d.content,f.file_address FROM lh_discount AS d LEFT JOIN lh_file AS f ON d.pic_id = f.id WHERE ( d.city_id = '2' ) AND ( d.status = 0 ) AND ( f.type = 3 )  [ RunTime:0.000497s ]

[ 2014-01-14T13:48:38+08:00 ] 58.35.175.16 /market/index.php?s=/ApiJoin/get_result
INFO: [ route_check ] --START--
INFO: CheckRoute Behavior ::run [ RunTime:0.000464s ]
INFO: [ route_check ] --END-- [ RunTime:0.000530s ]
INFO: [ app_begin ] --START--
INFO: ReadHtmlCache Behavior ::run [ RunTime:0.000268s ]
INFO: [ app_begin ] --END-- [ RunTime:0.000313s ]
SQL: SHOW COLUMNS FROM `lh_join` [ RunTime:0.000961s ]
SQL: SHOW COLUMNS FROM `lh_file` [ RunTime:0.000729s ]
NOTIC: 建议使用I方法替代_get
NOTIC: 建议使用I方法替代_get
SQL: SELECT `id`,`store_name`,`trade`,`estate`,`draw`,`lng`,`lat`,`address`,`store_phone`,`city`,`start_business`,`classification`,`official`,`store_pic` FROM `lh_join` WHERE ( `status` = 0 ) AND ( (`lat` <> 0) AND (`lat` > -0.89932160591873) AND (`lat` < 0.89932160591873)  ) AND ( (`lng` > -0.89932160591873) AND (`lng` < 0.89932160591873)  )  [ RunTime:0.000526s ]

[ 2014-01-14T13:55:17+08:00 ] 58.35.175.16 /market/index.php?s=/ApiJoin/get_result
INFO: [ route_check ] --START--
INFO: CheckRoute Behavior ::run [ RunTime:0.000466s ]
INFO: [ route_check ] --END-- [ RunTime:0.000529s ]
INFO: [ app_begin ] --START--
INFO: ReadHtmlCache Behavior ::run [ RunTime:0.000268s ]
INFO: [ app_begin ] --END-- [ RunTime:0.000309s ]
SQL: SHOW COLUMNS FROM `lh_join` [ RunTime:0.000962s ]
SQL: SHOW COLUMNS FROM `lh_file` [ RunTime:0.000675s ]
NOTIC: 建议使用I方法替代_get
NOTIC: 建议使用I方法替代_get
SQL: SELECT `id`,`store_name`,`trade`,`estate`,`draw`,`lng`,`lat`,`address`,`store_phone`,`city`,`start_business`,`classification`,`official`,`store_pic` FROM `lh_join` WHERE ( `status` = 0 ) AND ( (`lat` <> 0) AND (`lat` > -0.89932160591873) AND (`lat` < 0.89932160591873)  ) AND ( (`lng` > -0.89932160591873) AND (`lng` < 0.89932160591873)  )  [ RunTime:0.000533s ]

[ 2014-01-14T13:56:00+08:00 ] 58.35.175.16 /market/index.php?s=/ApiDiscount/discount_list
INFO: [ route_check ] --START--
INFO: CheckRoute Behavior ::run [ RunTime:0.000463s ]
INFO: [ route_check ] --END-- [ RunTime:0.000524s ]
INFO: [ app_begin ] --START--
INFO: ReadHtmlCache Behavior ::run [ RunTime:0.000267s ]
INFO: [ app_begin ] --END-- [ RunTime:0.000306s ]
SQL: SHOW COLUMNS FROM `lh_city` [ RunTime:0.000721s ]
SQL: SELECT d.store_id,d.content,f.file_address FROM lh_discount AS d LEFT JOIN lh_file AS f ON d.pic_id = f.id WHERE ( d.city_id = '2' ) AND ( d.status = 0 ) AND ( f.type = 3 )  [ RunTime:0.000462s ]

[ 2014-01-14T13:56:48+08:00 ] 58.35.175.16 /market/index.php?s=/ApiJoin/get_result
INFO: [ route_check ] --START--
INFO: CheckRoute Behavior ::run [ RunTime:0.000464s ]
INFO: [ route_check ] --END-- [ RunTime:0.000529s ]
INFO: [ app_begin ] --START--
INFO: ReadHtmlCache Behavior ::run [ RunTime:0.000268s ]
INFO: [ app_begin ] --END-- [ RunTime:0.000307s ]
SQL: SHOW COLUMNS FROM `lh_join` [ RunTime:0.000966s ]
SQL: SHOW COLUMNS FROM `lh_file` [ RunTime:0.000691s ]
NOTIC: 建议使用I方法替代_get
NOTIC: 建议使用I方法替代_get
SQL: SELECT `id`,`store_name`,`trade`,`estate`,`draw`,`lng`,`lat`,`address`,`store_phone`,`city`,`start_business`,`classification`,`official`,`store_pic` FROM `lh_join` WHERE ( `status` = 0 ) AND ( (`lat` <> 0) AND (`lat` > -0.89932160591873) AND (`lat` < 0.89932160591873)  ) AND ( (`lng` > -0.89932160591873) AND (`lng` < 0.89932160591873)  )  [ RunTime:0.000523s ]

[ 2014-01-14T13:57:22+08:00 ] 58.35.175.16 /market/index.php?s=/ApiJoin/get_result
INFO: [ route_check ] --START--
INFO: CheckRoute Behavior ::run [ RunTime:0.000462s ]
INFO: [ route_check ] --END-- [ RunTime:0.000523s ]
INFO: [ app_begin ] --START--
INFO: ReadHtmlCache Behavior ::run [ RunTime:0.000272s ]
INFO: [ app_begin ] --END-- [ RunTime:0.000311s ]
SQL: SHOW COLUMNS FROM `lh_join` [ RunTime:0.000978s ]
SQL: SHOW COLUMNS FROM `lh_file` [ RunTime:0.000713s ]
NOTIC: 建议使用I方法替代_get
NOTIC: 建议使用I方法替代_get
SQL: SELECT `id`,`store_name`,`trade`,`estate`,`draw`,`lng`,`lat`,`address`,`store_phone`,`city`,`start_business`,`classification`,`official`,`store_pic` FROM `lh_join` WHERE ( `status` = 0 ) AND ( (`lat` <> 0) AND (`lat` > -0.89932160591873) AND (`lat` < 0.89932160591873)  ) AND ( (`lng` > -0.89932160591873) AND (`lng` < 0.89932160591873)  )  [ RunTime:0.000533s ]

[ 2014-01-14T15:52:43+08:00 ] 58.35.162.11 /market/index.php?s=/ApiDiscount/discount_list
INFO: [ route_check ] --START--
INFO: CheckRoute Behavior ::run [ RunTime:0.000461s ]
INFO: [ route_check ] --END-- [ RunTime:0.000523s ]
INFO: [ app_begin ] --START--
INFO: ReadHtmlCache Behavior ::run [ RunTime:0.000268s ]
INFO: [ app_begin ] --END-- [ RunTime:0.000308s ]
SQL: SHOW COLUMNS FROM `lh_city` [ RunTime:0.000705s ]
SQL: SELECT d.store_id,d.content,f.file_address FROM lh_discount AS d LEFT JOIN lh_file AS f ON d.pic_id = f.id WHERE ( d.city_id = '2' ) AND ( d.status = 0 ) AND ( f.type = 3 )  [ RunTime:0.000543s ]

[ 2014-01-14T15:53:04+08:00 ] 58.35.162.11 /market/index.php?s=/ApiJoin/get_result
INFO: [ route_check ] --START--
INFO: CheckRoute Behavior ::run [ RunTime:0.000460s ]
INFO: [ route_check ] --END-- [ RunTime:0.000530s ]
INFO: [ app_begin ] --START--
INFO: ReadHtmlCache Behavior ::run [ RunTime:0.000268s ]
INFO: [ app_begin ] --END-- [ RunTime:0.000307s ]
SQL: SHOW COLUMNS FROM `lh_join` [ RunTime:0.000969s ]
SQL: SHOW COLUMNS FROM `lh_file` [ RunTime:0.000709s ]
NOTIC: 建议使用I方法替代_get
NOTIC: 建议使用I方法替代_get
SQL: SELECT `id`,`store_name`,`trade`,`estate`,`draw`,`lng`,`lat`,`address`,`store_phone`,`city`,`start_business`,`classification`,`official`,`store_pic` FROM `lh_join` WHERE ( `status` = 0 ) AND ( (`lat` <> 0) AND (`lat` > -0.89932160591873) AND (`lat` < 0.89932160591873)  ) AND ( (`lng` > -0.89932160591873) AND (`lng` < 0.89932160591873)  )  [ RunTime:0.000518s ]

